proguard/seeds.txt
kankan.wheel.demo.PasswActivity
kankan.wheel.demo.PasswActivity: PasswActivity()
kankan.wheel.demo.SlotMachineActivity
kankan.wheel.demo.SlotMachineActivity: SlotMachineActivity()
kankan.wheel.demo.SpeedActivity
kankan.wheel.demo.TextActivity
kankan.wheel.demo.Time2Activity
kankan.wheel.demo.Time2Activity: Time2Activity()
kankan.wheel.demo.TimeActivity
kankan.wheel.demo.ValueAnomatorDemo
kankan.wheel.demo.ValueAnomatorDemo: ValueAnomatorDemo()
kankan.wheel.demo.WheelDemo
kankan.wheel.widget.ItemsRange
kankan.wheel.widget.ItemsRange: int first
kankan.wheel.widget.ItemsRange: int count
kankan.wheel.widget.ItemsRange: ItemsRange()
kankan.wheel.widget.ItemsRange: ItemsRange(int,int)
kankan.wheel.widget.ItemsRange: int getFirst()
kankan.wheel.widget.ItemsRange: int getLast()
kankan.wheel.widget.ItemsRange: int getCount()
kankan.wheel.widget.ItemsRange: boolean contains(int)
kankan.wheel.widget.OnWheelChangedListener
kankan.wheel.widget.OnWheelChangedListener: void onChanged(kankan.wheel.widget.WheelView,int,int)
kankan.wheel.widget.OnWheelClickedListener
kankan.wheel.widget.OnWheelClickedListener: void onItemClicked(kankan.wheel.widget.WheelView,int)
kankan.wheel.widget.OnWheelScrollListener
kankan.wheel.widget.OnWheelScrollListener: void onScrollingStarted(kankan.wheel.widget.WheelView)
kankan.wheel.widget.OnWheelScrollListener: void onScrollingFinished(kankan.wheel.widget.WheelView)
kankan.wheel.widget.WheelAdapter
kankan.wheel.widget.WheelAdapter: int getItemsCount()
kankan.wheel.widget.WheelAdapter: java.lang.String getItem(int)
kankan.wheel.widget.WheelAdapter: int getMaximumLength()
kankan.wheel.widget.WheelRecycle
kankan.wheel.widget.WheelRecycle: java.util.List items
kankan.wheel.widget.WheelRecycle: java.util.List emptyItems
kankan.wheel.widget.WheelRecycle: kankan.wheel.widget.WheelView wheel
kankan.wheel.widget.WheelRecycle: WheelRecycle(kankan.wheel.widget.WheelView)
kankan.wheel.widget.WheelRecycle: int recycleItems(android.widget.LinearLayout,int,kankan.wheel.widget.ItemsRange)
kankan.wheel.widget.WheelRecycle: android.view.View getItem()
kankan.wheel.widget.WheelRecycle: android.view.View getEmptyItem()
kankan.wheel.widget.WheelRecycle: void clearAll()
kankan.wheel.widget.WheelRecycle: java.util.List addView(android.view.View,java.util.List)
kankan.wheel.widget.WheelRecycle: void recycleView(android.view.View,int)
kankan.wheel.widget.WheelRecycle: android.view.View getCachedView(java.util.List)
kankan.wheel.widget.WheelScroller
kankan.wheel.widget.WheelScroller: int SCROLLING_DURATION
kankan.wheel.widget.WheelScroller: int MIN_DELTA_FOR_SCROLLING
kankan.wheel.widget.WheelScroller: kankan.wheel.widget.WheelScroller$ScrollingListener listener
kankan.wheel.widget.WheelScroller: android.content.Context context
kankan.wheel.widget.WheelScroller: android.view.GestureDetector gestureDetector
kankan.wheel.widget.WheelScroller: android.widget.Scroller scroller
kankan.wheel.widget.WheelScroller: int lastScrollY
kankan.wheel.widget.WheelScroller: float lastTouchedY
kankan.wheel.widget.WheelScroller: boolean isScrollingPerformed
kankan.wheel.widget.WheelScroller: android.view.GestureDetector$SimpleOnGestureListener gestureListener
kankan.wheel.widget.WheelScroller: int MESSAGE_SCROLL
kankan.wheel.widget.WheelScroller: int MESSAGE_JUSTIFY
kankan.wheel.widget.WheelScroller: android.os.Handler animationHandler
kankan.wheel.widget.WheelScroller: WheelScroller(android.content.Context,kankan.wheel.widget.WheelScroller$ScrollingListener)
kankan.wheel.widget.WheelScroller: void setInterpolator(android.view.animation.Interpolator)
kankan.wheel.widget.WheelScroller: void scroll(int,int)
kankan.wheel.widget.WheelScroller: void stopScrolling()
kankan.wheel.widget.WheelScroller: boolean onTouchEvent(android.view.MotionEvent)
kankan.wheel.widget.WheelScroller: void setNextMessage(int)
kankan.wheel.widget.WheelScroller: void clearMessages()
kankan.wheel.widget.WheelScroller: void justify()