proguard/mapping.txt
kankan.wheel.demo.DialogActivityDemo$3 -> kankan.wheel.demo.i:
    kankan.wheel.demo.DialogActivityDemo this$0 -> a
    java.util.List val$list -> b
    void onScrollingStarted$16b3c7ac() -> a
    void onScrollingFinished(kankan.wheel.widget.WheelView) -> a
kankan.wheel.demo.DialogActivityDemo$CountryAdapter -> kankan.wheel.demo.j:
    java.util.List list -> a
    android.view.View getItem(int,android.view.View,android.view.ViewGroup) -> a
    int getItemsCount() -> a
    java.lang.CharSequence getItemText(int) -> a
kankan.wheel.demo.PasswActivity -> kankan.wheel.demo.PasswActivity:
    boolean wheelScrolled -> a
    kankan.wheel.widget.OnWheelScrollListener scrolledListener -> b
    kankan.wheel.widget.OnWheelChangedListener changedListener -> c
    void onCreate(android.os.Bundle) -> onCreate
    void updateStatus() -> a
    void initWheel(int) -> a
    kankan.wheel.widget.WheelView getWheel(int) -> b
    boolean testWheelValue(int,int) -> a
    void access$0(kankan.wheel.demo.PasswActivity,boolean) -> a
    void access$1(kankan.wheel.demo.PasswActivity) -> a
    boolean access$2(kankan.wheel.demo.PasswActivity) -> b
    void access$3(kankan.wheel.demo.PasswActivity,int) -> a
kankan.wheel.demo.PasswActivity$1 -> kankan.wheel.demo.k:
    kankan.wheel.demo.PasswActivity this$0 -> a
    void onScrollingStarted$16b3c7ac() -> a
    void onScrollingFinished(kankan.wheel.widget.WheelView) -> a
kankan.wheel.demo.PasswActivity$2 -> kankan.wheel.demo.l:
    kankan.wheel.demo.PasswActivity this$0 -> a
    void onChanged$38d22c4c() -> a
kankan.wheel.demo.PasswActivity$3 -> kankan.wheel.demo.m:
    kankan.wheel.demo.PasswActivity this$0 -> a
    void onClick(android.view.View) -> onClick
kankan.wheel.demo.SlotMachineActivity -> kankan.wheel.demo.SlotMachineActivity:
    boolean wheelScrolled -> a
    kankan.wheel.widget.OnWheelScrollListener scrolledListener -> b
    kankan.wheel.widget.OnWheelChangedListener changedListener -> c
    void onCreate(android.os.Bundle) -> onCreate
    void updateStatus() -> a
    void initWheel(int) -> a
    kankan.wheel.widget.WheelView getWheel(int) -> b
    boolean testWheelValue(int,int) -> a
    void access$0(kankan.wheel.demo.SlotMachineActivity,boolean) -> a
    void access$1(kankan.wheel.demo.SlotMachineActivity) -> a
    boolean access$2(kankan.wheel.demo.SlotMachineActivity) -> b
    void access$3(kankan.wheel.demo.SlotMachineActivity,int) -> a
kankan.wheel.demo.SlotMachineActivity$1 -> kankan.wheel.demo.n:
    kankan.wheel.demo.SlotMachineActivity this$0 -> a
    void onScrollingStarted$16b3c7ac() -> a
    void onScrollingFinished(kankan.wheel.widget.WheelView) -> a
kankan.wheel.demo.SlotMachineActivity$2 -> kankan.wheel.demo.o:
    kankan.wheel.demo.SlotMachineActivity this$0 -> a
    void onChanged$38d22c4c() -> a
kankan.wheel.demo.SlotMachineActivity$3 -> kankan.wheel.demo.p:
    kankan.wheel.demo.SlotMachineActivity this$0 -> a
    void onClick(android.view.View) -> onClick
kankan.wheel.demo.SlotMachineActivity$SlotMachineAdapter -> kankan.wheel.demo.q:
    int[] items -> a
    java.util.List images -> b
    android.content.Context context -> c
    android.view.ViewGroup$LayoutParams params -> d
    android.graphics.Bitmap loadImage(int) -> a
    int getItemsCount() -> a
    android.view.View getItem(int,android.view.View,android.view.ViewGroup) -> a
kankan.wheel.demo.Time2Activity -> kankan.wheel.demo.Time2Activity:
    void onCreate(android.os.Bundle) -> onCreate
kankan.wheel.demo.Time2Activity$DayArrayAdapter -> kankan.wheel.demo.r:
    java.util.Calendar calendar -> a
    android.view.View getItem(int,android.view.View,android.view.ViewGroup) -> a
    int getItemsCount() -> a
    java.lang.CharSequence getItemText(int) -> a